# JRE version: OpenJDK Runtime Environment (17.0+35) (build 17+35-Ubuntu-120.04)
# Java VM: OpenJDK 64-Bit Server VM (17+35-Ubuntu-120.04, mixed mode, sharing, tiered, compressed oops, compressed class ptrs, parallel gc, linux-amd64)
GC Precious Log:
 CPUs: 4 total, 4 available
 Memory: 15966M
 Large Page Support: Disabled
 NUMA Support: Disabled
 Compressed Oops: Enabled (32-bit)
 Alignments: Space 512K, Generation 512K, Heap 2M
 Heap Min Capacity: 100M
 Heap Initial Capacity: 100M
 Heap Max Capacity: 1G
 Pre-touch: Disabled
 Parallel Workers: 4
Heap:
 PSYoungGen      total 27648K, used 17909K [0x00000000eab00000, 0x00000000ecc80000, 0x0000000100000000)
  eden space 22016K, 56% used [0x00000000eab00000,0x00000000eb70ba10,0x00000000ec080000)
  from space 5632K, 98% used [0x00000000ec080000,0x00000000ec5f1ca8,0x00000000ec600000)
  to   space 6144K, 0% used [0x00000000ec680000,0x00000000ec680000,0x00000000ecc80000)
 ParOldGen       total 124928K, used 70457K [0x00000000c0000000, 0x00000000c7a00000, 0x00000000eab00000)
  object space 124928K, 56% used [0x00000000c0000000,0x00000000c44ce7f8,0x00000000c7a00000)
 Metaspace       used 52439K, committed 53312K, reserved 1097728K
  class space    used 5587K, committed 5952K, reserved 1048576K
GC Heap History (20 events):
Event: 7.696 GC heap before
{Heap before GC invocations=14 (full 2):
 PSYoungGen      total 25088K, used 24992K [0x00000000eab00000, 0x00000000ec880000, 0x0000000100000000)
  eden space 22528K, 100% used [0x00000000eab00000,0x00000000ec100000,0x00000000ec100000)
  from space 2560K, 96% used [0x00000000ec180000,0x00000000ec3e8010,0x00000000ec400000)
  to   space 3584K, 0% used [0x00000000ec500000,0x00000000ec500000,0x00000000ec880000)
 ParOldGen       total 68608K, used 23720K [0x00000000c0000000, 0x00000000c4300000, 0x00000000eab00000)
  object space 68608K, 34% used [0x00000000c0000000,0x00000000c172a1b0,0x00000000c4300000)
 Metaspace       used 39185K, committed 39936K, reserved 1089536K
  class space    used 4354K, committed 4672K, reserved 1048576K
}
Event: 7.702 GC heap after
{Heap after GC invocations=14 (full 2):
 PSYoungGen      total 24576K, used 2144K [0x00000000eab00000, 0x00000000ec780000, 0x0000000100000000)
  eden space 22016K, 0% used [0x00000000eab00000,0x00000000eab00000,0x00000000ec080000)
  from space 2560K, 83% used [0x00000000ec500000,0x00000000ec718000,0x00000000ec780000)
  to   space 2560K, 0% used [0x00000000ec280000,0x00000000ec280000,0x00000000ec500000)
 ParOldGen       total 68608K, used 26134K [0x00000000c0000000, 0x00000000c4300000, 0x00000000eab00000)
  object space 68608K, 38% used [0x00000000c0000000,0x00000000c1985a40,0x00000000c4300000)
 Metaspace       used 39185K, committed 39936K, reserved 1089536K
  class space    used 4354K, committed 4672K, reserved 1048576K
}
Event: 8.794 GC heap before
{Heap before GC invocations=15 (full 2):
 PSYoungGen      total 24576K, used 24148K [0x00000000eab00000, 0x00000000ec780000, 0x0000000100000000)
  eden space 22016K, 99% used [0x00000000eab00000,0x00000000ec07d398,0x00000000ec080000)
  from space 2560K, 83% used [0x00000000ec500000,0x00000000ec718000,0x00000000ec780000)
  to   space 2560K, 0% used [0x00000000ec280000,0x00000000ec280000,0x00000000ec500000)
 ParOldGen       total 68608K, used 26134K [0x00000000c0000000, 0x00000000c4300000, 0x00000000eab00000)
  object space 68608K, 38% used [0x00000000c0000000,0x00000000c1985a40,0x00000000c4300000)
 Metaspace       used 44143K, committed 44992K, reserved 1089536K
  class space    used 4893K, committed 5248K, reserved 1048576K
}
Event: 8.802 GC heap after
{Heap after GC invocations=15 (full 2):
 PSYoungGen      total 24576K, used 2537K [0x00000000eab00000, 0x00000000ece80000, 0x0000000100000000)
  eden space 22016K, 0% used [0x00000000eab00000,0x00000000eab00000,0x00000000ec080000)
  from space 2560K, 99% used [0x00000000ec280000,0x00000000ec4fa7f0,0x00000000ec500000)
  to   space 7168K, 0% used [0x00000000ec780000,0x00000000ec780000,0x00000000ece80000)
 ParOldGen       total 68608K, used 29842K [0x00000000c0000000, 0x00000000c4300000, 0x00000000eab00000)
  object space 68608K, 43% used [0x00000000c0000000,0x00000000c1d24808,0x00000000c4300000)
 Metaspace       used 44143K, committed 44992K, reserved 1089536K
  class space    used 4893K, committed 5248K, reserved 1048576K
}
Event: 9.150 GC heap before
{Heap before GC invocations=16 (full 3):
 PSYoungGen      total 24576K, used 24553K [0x00000000eab00000, 0x00000000ece80000, 0x0000000100000000)
  eden space 22016K, 99% used [0x00000000eab00000,0x00000000ec07ffe0,0x00000000ec080000)
  from space 2560K, 99% used [0x00000000ec280000,0x00000000ec4fa7f0,0x00000000ec500000)
  to   space 7168K, 0% used [0x00000000ec780000,0x00000000ec780000,0x00000000ece80000)
 ParOldGen       total 68608K, used 67180K [0x00000000c0000000, 0x00000000c4300000, 0x00000000eab00000)
  object space 68608K, 97% used [0x00000000c0000000,0x00000000c419b358,0x00000000c4300000)
 Metaspace       used 44586K, committed 45312K, reserved 1097728K
  class space    used 4946K, committed 5248K, reserved 1048576K
}
Event: 9.357 GC heap after
{Heap after GC invocations=16 (full 3):
 PSYoungGen      total 29184K, used 0K [0x00000000eab00000, 0x00000000ece80000, 0x0000000100000000)
  eden space 22016K, 0% used [0x00000000eab00000,0x00000000eab00000,0x00000000ec080000)
  from space 7168K, 0% used [0x00000000ec780000,0x00000000ec780000,0x00000000ece80000)
  to   space 7168K, 0% used [0x00000000ec080000,0x00000000ec080000,0x00000000ec780000)
 ParOldGen       total 73728K, used 44478K [0x00000000c0000000, 0x00000000c4800000, 0x00000000eab00000)
  object space 73728K, 60% used [0x00000000c0000000,0x00000000c2b6fad0,0x00000000c4800000)
 Metaspace       used 44586K, committed 45312K, reserved 1097728K
  class space    used 4946K, committed 5248K, reserved 1048576K
}
Event: 9.572 GC heap before
{Heap before GC invocations=17 (full 3):
 PSYoungGen      total 29184K, used 22016K [0x00000000eab00000, 0x00000000ece80000, 0x0000000100000000)
  eden space 22016K, 100% used [0x00000000eab00000,0x00000000ec080000,0x00000000ec080000)
  from space 7168K, 0% used [0x00000000ec780000,0x00000000ec780000,0x00000000ece80000)
  to   space 7168K, 0% used [0x00000000ec080000,0x00000000ec080000,0x00000000ec780000)
 ParOldGen       total 73728K, used 44478K [0x00000000c0000000, 0x00000000c4800000, 0x00000000eab00000)
  object space 73728K, 60% used [0x00000000c0000000,0x00000000c2b6fad0,0x00000000c4800000)
 Metaspace       used 44764K, committed 45504K, reserved 1097728K
  class space    used 4957K, committed 5248K, reserved 1048576K
}
Event: 9.590 GC heap after
{Heap after GC invocations=17 (full 3):
 PSYoungGen      total 28672K, used 7150K [0x00000000eab00000, 0x00000000ee100000, 0x0000000100000000)
  eden space 21504K, 0% used [0x00000000eab00000,0x00000000eab00000,0x00000000ec000000)
  from space 7168K, 99% used [0x00000000ec080000,0x00000000ec77b9f0,0x00000000ec780000)
  to   space 16896K, 0% used [0x00000000ed080000,0x00000000ed080000,0x00000000ee100000)
 ParOldGen       total 73728K, used 52158K [0x00000000c0000000, 0x00000000c4800000, 0x00000000eab00000)
  object space 73728K, 70% used [0x00000000c0000000,0x00000000c32efad0,0x00000000c4800000)
 Metaspace       used 44764K, committed 45504K, reserved 1097728K
  class space    used 4957K, committed 5248K, reserved 1048576K
}
Event: 9.679 GC heap before
{Heap before GC invocations=18 (full 3):
 PSYoungGen      total 28672K, used 28654K [0x00000000eab00000, 0x00000000ee100000, 0x0000000100000000)
  eden space 21504K, 100% used [0x00000000eab00000,0x00000000ec000000,0x00000000ec000000)
  from space 7168K, 99% used [0x00000000ec080000,0x00000000ec77b9f0,0x00000000ec780000)
  to   space 16896K, 0% used [0x00000000ed080000,0x00000000ed080000,0x00000000ee100000)
 ParOldGen       total 73728K, used 52158K [0x00000000c0000000, 0x00000000c4800000, 0x00000000eab00000)
  object space 73728K, 70% used [0x00000000c0000000,0x00000000c32efad0,0x00000000c4800000)
 Metaspace       used 44769K, committed 45504K, reserved 1097728K
  class space    used 4957K, committed 5248K, reserved 1048576K
}
Event: 9.722 GC heap after
{Heap after GC invocations=18 (full 3):
 PSYoungGen      total 39424K, used 15104K [0x00000000eab00000, 0x00000000eec80000, 0x0000000100000000)
  eden space 22528K, 0% used [0x00000000eab00000,0x00000000eab00000,0x00000000ec100000)
  from space 16896K, 89% used [0x00000000ed080000,0x00000000edf40000,0x00000000ee100000)
  to   space 15872K, 0% used [0x00000000ec100000,0x00000000ec100000,0x00000000ed080000)
 ParOldGen       total 73728K, used 59289K [0x00000000c0000000, 0x00000000c4800000, 0x00000000eab00000)
  object space 73728K, 80% used [0x00000000c0000000,0x00000000c39e6428,0x00000000c4800000)
 Metaspace       used 44769K, committed 45504K, reserved 1097728K
  class space    used 4957K, committed 5248K, reserved 1048576K
}
Event: 10.851 GC heap before
{Heap before GC invocations=19 (full 3):
 PSYoungGen      total 39424K, used 37632K [0x00000000eab00000, 0x00000000eec80000, 0x0000000100000000)
  eden space 22528K, 100% used [0x00000000eab00000,0x00000000ec100000,0x00000000ec100000)
  from space 16896K, 89% used [0x00000000ed080000,0x00000000edf40000,0x00000000ee100000)
  to   space 15872K, 0% used [0x00000000ec100000,0x00000000ec100000,0x00000000ed080000)
 ParOldGen       total 73728K, used 59289K [0x00000000c0000000, 0x00000000c4800000, 0x00000000eab00000)
  object space 73728K, 80% used [0x00000000c0000000,0x00000000c39e6428,0x00000000c4800000)
 Metaspace       used 46371K, committed 47168K, reserved 1097728K
  class space    used 5078K, committed 5376K, reserved 1048576K
}
Event: 10.883 GC heap after
{Heap after GC invocations=19 (full 3):
 PSYoungGen      total 31232K, used 8880K [0x00000000eab00000, 0x00000000ed680000, 0x0000000100000000)
  eden space 22016K, 0% used [0x00000000eab00000,0x00000000eab00000,0x00000000ec080000)
  from space 9216K, 96% used [0x00000000ec100000,0x00000000ec9ac030,0x00000000eca00000)
  to   space 11264K, 0% used [0x00000000ecb80000,0x00000000ecb80000,0x00000000ed680000)
 ParOldGen       total 74752K, used 74393K [0x00000000c0000000, 0x00000000c4900000, 0x00000000eab00000)
  object space 74752K, 99% used [0x00000000c0000000,0x00000000c48a6428,0x00000000c4900000)
 Metaspace       used 46371K, committed 47168K, reserved 1097728K
  class space    used 5078K, committed 5376K, reserved 1048576K
}
Event: 10.883 GC heap before
{Heap before GC invocations=20 (full 4):
 PSYoungGen      total 31232K, used 8880K [0x00000000eab00000, 0x00000000ed680000, 0x0000000100000000)
  eden space 22016K, 0% used [0x00000000eab00000,0x00000000eab00000,0x00000000ec080000)
  from space 9216K, 96% used [0x00000000ec100000,0x00000000ec9ac030,0x00000000eca00000)
  to   space 11264K, 0% used [0x00000000ecb80000,0x00000000ecb80000,0x00000000ed680000)
 ParOldGen       total 74752K, used 74393K [0x00000000c0000000, 0x00000000c4900000, 0x00000000eab00000)
  object space 74752K, 99% used [0x00000000c0000000,0x00000000c48a6428,0x00000000c4900000)
 Metaspace       used 46371K, committed 47168K, reserved 1097728K
  class space    used 5078K, committed 5376K, reserved 1048576K
}
Event: 11.126 GC heap after
{Heap after GC invocations=20 (full 4):
 PSYoungGen      total 33280K, used 0K [0x00000000eab00000, 0x00000000edd00000, 0x0000000100000000)
  eden space 22016K, 0% used [0x00000000eab00000,0x00000000eab00000,0x00000000ec080000)
  from space 11264K, 0% used [0x00000000ecb80000,0x00000000ecb80000,0x00000000ed680000)
  to   space 11264K, 0% used [0x00000000ec080000,0x00000000ec080000,0x00000000ecb80000)
 ParOldGen       total 124928K, used 70433K [0x00000000c0000000, 0x00000000c7a00000, 0x00000000eab00000)
  object space 124928K, 56% used [0x00000000c0000000,0x00000000c44c87f8,0x00000000c7a00000)
 Metaspace       used 46371K, committed 47168K, reserved 1097728K
  class space    used 5078K, committed 5376K, reserved 1048576K
}
Event: 11.909 GC heap before
{Heap before GC invocations=21 (full 4):
 PSYoungGen      total 33280K, used 21987K [0x00000000eab00000, 0x00000000edd00000, 0x0000000100000000)
  eden space 22016K, 99% used [0x00000000eab00000,0x00000000ec078fc0,0x00000000ec080000)
  from space 11264K, 0% used [0x00000000ecb80000,0x00000000ecb80000,0x00000000ed680000)
  to   space 11264K, 0% used [0x00000000ec080000,0x00000000ec080000,0x00000000ecb80000)
 ParOldGen       total 124928K, used 70433K [0x00000000c0000000, 0x00000000c7a00000, 0x00000000eab00000)
  object space 124928K, 56% used [0x00000000c0000000,0x00000000c44c87f8,0x00000000c7a00000)
 Metaspace       used 47951K, committed 48768K, reserved 1097728K
  class space    used 5181K, committed 5568K, reserved 1048576K
}
Event: 11.916 GC heap after
{Heap after GC invocations=21 (full 4):
 PSYoungGen      total 24576K, used 2432K [0x00000000eab00000, 0x00000000ecc00000, 0x0000000100000000)
  eden space 22016K, 0% used [0x00000000eab00000,0x00000000eab00000,0x00000000ec080000)
  from space 2560K, 95% used [0x00000000ec080000,0x00000000ec2e0000,0x00000000ec300000)
  to   space 5632K, 0% used [0x00000000ec680000,0x00000000ec680000,0x00000000ecc00000)
 ParOldGen       total 124928K, used 70441K [0x00000000c0000000, 0x00000000c7a00000, 0x00000000eab00000)
  object space 124928K, 56% used [0x00000000c0000000,0x00000000c44ca7f8,0x00000000c7a00000)
 Metaspace       used 47951K, committed 48768K, reserved 1097728K
  class space    used 5181K, committed 5568K, reserved 1048576K
}
Event: 12.366 GC heap before
{Heap before GC invocations=22 (full 4):
 PSYoungGen      total 24576K, used 24396K [0x00000000eab00000, 0x00000000ecc00000, 0x0000000100000000)
  eden space 22016K, 99% used [0x00000000eab00000,0x00000000ec073180,0x00000000ec080000)
  from space 2560K, 95% used [0x00000000ec080000,0x00000000ec2e0000,0x00000000ec300000)
  to   space 5632K, 0% used [0x00000000ec680000,0x00000000ec680000,0x00000000ecc00000)
 ParOldGen       total 124928K, used 70441K [0x00000000c0000000, 0x00000000c7a00000, 0x00000000eab00000)
  object space 124928K, 56% used [0x00000000c0000000,0x00000000c44ca7f8,0x00000000c7a00000)
 Metaspace       used 48247K, committed 49152K, reserved 1097728K
  class space    used 5190K, committed 5568K, reserved 1048576K
}
Event: 12.371 GC heap after
{Heap after GC invocations=22 (full 4):
 PSYoungGen      total 27136K, used 4759K [0x00000000eab00000, 0x00000000ecb80000, 0x0000000100000000)
  eden space 22016K, 0% used [0x00000000eab00000,0x00000000eab00000,0x00000000ec080000)
  from space 5120K, 92% used [0x00000000ec680000,0x00000000ecb25c98,0x00000000ecb80000)
  to   space 5632K, 0% used [0x00000000ec080000,0x00000000ec080000,0x00000000ec600000)
 ParOldGen       total 124928K, used 70449K [0x00000000c0000000, 0x00000000c7a00000, 0x00000000eab00000)
  object space 124928K, 56% used [0x00000000c0000000,0x00000000c44cc7f8,0x00000000c7a00000)
 Metaspace       used 48247K, committed 49152K, reserved 1097728K
  class space    used 5190K, committed 5568K, reserved 1048576K
}
Event: 12.991 GC heap before
{Heap before GC invocations=23 (full 4):
 PSYoungGen      total 27136K, used 26775K [0x00000000eab00000, 0x00000000ecb80000, 0x0000000100000000)
  eden space 22016K, 100% used [0x00000000eab00000,0x00000000ec080000,0x00000000ec080000)
  from space 5120K, 92% used [0x00000000ec680000,0x00000000ecb25c98,0x00000000ecb80000)
  to   space 5632K, 0% used [0x00000000ec080000,0x00000000ec080000,0x00000000ec600000)
 ParOldGen       total 124928K, used 70449K [0x00000000c0000000, 0x00000000c7a00000, 0x00000000eab00000)
  object space 124928K, 56% used [0x00000000c0000000,0x00000000c44cc7f8,0x00000000c7a00000)
 Metaspace       used 51754K, committed 52608K, reserved 1097728K
  class space    used 5501K, committed 5888K, reserved 1048576K
}
Event: 13.008 GC heap after
{Heap after GC invocations=23 (full 4):
 PSYoungGen      total 27648K, used 5575K [0x00000000eab00000, 0x00000000ecc80000, 0x0000000100000000)
  eden space 22016K, 0% used [0x00000000eab00000,0x00000000eab00000,0x00000000ec080000)
  from space 5632K, 98% used [0x00000000ec080000,0x00000000ec5f1ca8,0x00000000ec600000)
  to   space 6144K, 0% used [0x00000000ec680000,0x00000000ec680000,0x00000000ecc80000)
 ParOldGen       total 124928K, used 70457K [0x00000000c0000000, 0x00000000c7a00000, 0x00000000eab00000)
  object space 124928K, 56% used [0x00000000c0000000,0x00000000c44ce7f8,0x00000000c7a00000)
 Metaspace       used 51754K, committed 52608K, reserved 1097728K
  class space    used 5501K, committed 5888K, reserved 1048576K
}

