# JRE version: OpenJDK Runtime Environment (17.0+35) (build 17+35-Ubuntu-120.04)
# Java VM: OpenJDK 64-Bit Server VM (17+35-Ubuntu-120.04, mixed mode, sharing, tiered, compressed oops, compressed class ptrs, g1 gc, linux-amd64)
GC Precious Log:
 CPUs: 4 total, 4 available
 Memory: 15966M
 Large Page Support: Disabled
 NUMA Support: Disabled
 Compressed Oops: Enabled (32-bit)
 Heap Region Size: 1M
 Heap Min Capacity: 256M
 Heap Initial Capacity: 256M
 Heap Max Capacity: 512M
 Pre-touch: Disabled
 Parallel Workers: 4
 Concurrent Workers: 1
 Concurrent Refinement Workers: 4
 Periodic GC: Disabled
Heap:
 garbage-first heap   total 262144K, used 75639K [0x00000000e0000000, 0x0000000100000000)
  region size 1024K, 40 young (40960K), 2 survivors (2048K)
 Metaspace       used 54165K, committed 54720K, reserved 262144K
  class space    used 7612K, committed 7872K, reserved 212992K
GC Heap History (18 events):
Event: 0.285 GC heap before
{Heap before GC invocations=0 (full 0):
 garbage-first heap   total 264192K, used 19424K [0x00000000e0000000, 0x0000000100000000)
  region size 1024K, 13 young (13312K), 0 survivors (0K)
 Metaspace       used 945K, committed 1088K, reserved 221184K
  class space    used 74K, committed 128K, reserved 212992K
}
Event: 0.292 GC heap after
{Heap after GC invocations=1 (full 0):
 garbage-first heap   total 264192K, used 9080K [0x00000000e0000000, 0x0000000100000000)
  region size 1024K, 2 young (2048K), 2 survivors (2048K)
 Metaspace       used 945K, committed 1088K, reserved 221184K
  class space    used 74K, committed 128K, reserved 212992K
}
Event: 0.638 GC heap before
{Heap before GC invocations=1 (full 0):
 garbage-first heap   total 264192K, used 23416K [0x00000000e0000000, 0x0000000100000000)
  region size 1024K, 16 young (16384K), 2 survivors (2048K)
 Metaspace       used 3700K, committed 3840K, reserved 221184K
  class space    used 478K, committed 576K, reserved 212992K
}
Event: 0.641 GC heap after
{Heap after GC invocations=2 (full 0):
 garbage-first heap   total 264192K, used 9659K [0x00000000e0000000, 0x0000000100000000)
  region size 1024K, 2 young (2048K), 2 survivors (2048K)
 Metaspace       used 3700K, committed 3840K, reserved 221184K
  class space    used 478K, committed 576K, reserved 212992K
}
Event: 0.866 GC heap before
{Heap before GC invocations=2 (full 0):
 garbage-first heap   total 264192K, used 35259K [0x00000000e0000000, 0x0000000100000000)
  region size 1024K, 27 young (27648K), 2 survivors (2048K)
 Metaspace       used 3978K, committed 4096K, reserved 221184K
  class space    used 493K, committed 576K, reserved 212992K
}
Event: 0.870 GC heap after
{Heap after GC invocations=3 (full 0):
 garbage-first heap   total 264192K, used 13676K [0x00000000e0000000, 0x0000000100000000)
  region size 1024K, 4 young (4096K), 4 survivors (4096K)
 Metaspace       used 3978K, committed 4096K, reserved 221184K
  class space    used 493K, committed 576K, reserved 212992K
}
Event: 3.099 GC heap before
{Heap before GC invocations=3 (full 0):
 garbage-first heap   total 264192K, used 109932K [0x00000000e0000000, 0x0000000100000000)
  region size 1024K, 99 young (101376K), 4 survivors (4096K)
 Metaspace       used 21205K, committed 21504K, reserved 237568K
  class space    used 3186K, committed 3328K, reserved 212992K
}
Event: 3.109 GC heap after
{Heap after GC invocations=4 (full 0):
 garbage-first heap   total 264192K, used 20373K [0x00000000e0000000, 0x0000000100000000)
  region size 1024K, 11 young (11264K), 11 survivors (11264K)
 Metaspace       used 21205K, committed 21504K, reserved 237568K
  class space    used 3186K, committed 3328K, reserved 212992K
}
Event: 5.027 GC heap before
{Heap before GC invocations=5 (full 0):
 garbage-first heap   total 262144K, used 118677K [0x00000000e0000000, 0x0000000100000000)
  region size 1024K, 105 young (107520K), 11 survivors (11264K)
 Metaspace       used 35869K, committed 36288K, reserved 245760K
  class space    used 4970K, committed 5184K, reserved 212992K
}
Event: 5.044 GC heap after
{Heap after GC invocations=6 (full 0):
 garbage-first heap   total 262144K, used 27448K [0x00000000e0000000, 0x0000000100000000)
  region size 1024K, 17 young (17408K), 17 survivors (17408K)
 Metaspace       used 35869K, committed 36288K, reserved 245760K
  class space    used 4970K, committed 5184K, reserved 212992K
}
Event: 5.065 GC heap before
{Heap before GC invocations=6 (full 0):
 garbage-first heap   total 262144K, used 27448K [0x00000000e0000000, 0x0000000100000000)
  region size 1024K, 18 young (18432K), 17 survivors (17408K)
 Metaspace       used 35969K, committed 36416K, reserved 245760K
  class space    used 4986K, committed 5184K, reserved 212992K
}
Event: 5.088 GC heap after
{Heap after GC invocations=7 (full 0):
 garbage-first heap   total 262144K, used 28946K [0x00000000e0000000, 0x0000000100000000)
  region size 1024K, 2 young (2048K), 2 survivors (2048K)
 Metaspace       used 35969K, committed 36416K, reserved 245760K
  class space    used 4986K, committed 5184K, reserved 212992K
}
Event: 5.172 GC heap before
{Heap before GC invocations=7 (full 0):
 garbage-first heap   total 262144K, used 32018K [0x00000000e0000000, 0x0000000100000000)
  region size 1024K, 6 young (6144K), 2 survivors (2048K)
 Metaspace       used 36173K, committed 36608K, reserved 245760K
  class space    used 5019K, committed 5248K, reserved 212992K
}
Event: 5.175 GC heap after
{Heap after GC invocations=8 (full 0):
 garbage-first heap   total 262144K, used 27552K [0x00000000e0000000, 0x0000000100000000)
  region size 1024K, 1 young (1024K), 1 survivors (1024K)
 Metaspace       used 36173K, committed 36608K, reserved 245760K
  class space    used 5019K, committed 5248K, reserved 212992K
}
Event: 185.105 GC heap before
{Heap before GC invocations=9 (full 0):
 garbage-first heap   total 262144K, used 183200K [0x00000000e0000000, 0x0000000100000000)
  region size 1024K, 153 young (156672K), 1 survivors (1024K)
 Metaspace       used 53814K, committed 54272K, reserved 262144K
  class space    used 7603K, committed 7808K, reserved 212992K
}
Event: 185.130 GC heap after
{Heap after GC invocations=10 (full 0):
 garbage-first heap   total 262144K, used 37282K [0x00000000e0000000, 0x0000000100000000)
  region size 1024K, 11 young (11264K), 11 survivors (11264K)
 Metaspace       used 53814K, committed 54272K, reserved 262144K
  class space    used 7603K, committed 7808K, reserved 212992K
}
Event: 221.285 GC heap before
{Heap before GC invocations=10 (full 0):
 garbage-first heap   total 262144K, used 38306K [0x00000000e0000000, 0x0000000100000000)
  region size 1024K, 12 young (12288K), 11 survivors (11264K)
 Metaspace       used 53824K, committed 54272K, reserved 262144K
  class space    used 7603K, committed 7808K, reserved 212992K
}
Event: 221.300 GC heap after
{Heap after GC invocations=11 (full 0):
 garbage-first heap   total 262144K, used 37751K [0x00000000e0000000, 0x0000000100000000)
  region size 1024K, 2 young (2048K), 2 survivors (2048K)
 Metaspace       used 53824K, committed 54272K, reserved 262144K
  class space    used 7603K, committed 7808K, reserved 212992K
}

